<?xml version="1.0" encoding="UTF-8"?>
<!-- Generated by org.testng.reporters.JUnitReportReporter -->
<testsuite hostname="DESKTOP-HDK5G7F" failures="0" tests="2" name="march24.TestNGEx3" time="0.049" errors="0" timestamp="2024-03-24T20:47:03 IST" skipped="0">
  <testcase classname="march24.TestNGEx3" name="testcase1" time="0.029"/>
  <testcase classname="march24.TestNGEx3" name="testcase2" time="0.020"/>
</testsuite> <!-- march24.TestNGEx3 -->
