<?xml version="1.0" encoding="UTF-8"?>
<!-- Generated by org.testng.reporters.JUnitReportReporter -->
<testsuite hostname="DESKTOP-HDK5G7F" failures="0" tests="1" name="define_labs.Registrations" time="60.080" errors="0" timestamp="2024-03-28T15:05:12 IST" skipped="0">
  <testcase classname="define_labs.Registrations" name="register" time="60.080"/>
</testsuite> <!-- define_labs.Registrations -->
