<?xml version="1.0" encoding="UTF-8"?>
<!-- Generated by org.testng.reporters.JUnitReportReporter -->
<testsuite hostname="DESKTOP-HDK5G7F" failures="0" tests="1" name="march24.TestNGEx" time="16.778" errors="0" timestamp="2024-03-24T16:13:41 IST" skipped="0">
  <testcase classname="march24.TestNGEx" name="Testcase1" time="16.778"/>
</testsuite> <!-- march24.TestNGEx -->
