<?xml version="1.0" encoding="UTF-8"?>
<!-- Generated by org.testng.reporters.JUnitReportReporter -->
<testsuite hostname="DESKTOP-HDK5G7F" failures="0" tests="2" name="march24.TestNGEx2_3" time="0.031" errors="0" timestamp="2024-03-24T20:21:47 IST" skipped="1">
  <testcase classname="march24.TestNGEx2_3" name="testcase2" time="0.027"/>
  <testcase classname="march24.TestNGEx2_3" name="testcase1" time="0.004">
    <skipped/>
  </testcase> <!-- testcase1 -->
</testsuite> <!-- march24.TestNGEx2_3 -->
